<?xml version="1.0" encoding="UTF-8"?>
<testng-results ignored="0" total="1" passed="1" failed="0" skipped="0">
  <reporter-output>
  </reporter-output>
  <suite started-at="2021-03-05T02:47:03 CET" name="Default suite" finished-at="2021-03-05T02:47:06 CET" duration-ms="3622">
    <groups>
    </groups>
    <test started-at="2021-03-05T02:47:03 CET" name="Default test" finished-at="2021-03-05T02:47:06 CET" duration-ms="3622">
      <class name="restassured.delete">
        <test-method signature="deleteuser()[pri:0, instance:restassured.delete@36d585c]" started-at="2021-03-05T02:47:03 CET" name="deleteuser" finished-at="2021-03-05T02:47:06 CET" duration-ms="3569" status="PASS">
          <reporter-output>
          </reporter-output>
        </test-method> <!-- deleteuser -->
      </class> <!-- restassured.delete -->
    </test> <!-- Default test -->
  </suite> <!-- Default suite -->
</testng-results>
